Change Component Designator: Old Designator=C1 New Designator=C?
Change Component Designator: Old Designator=C2 New Designator=C?
Change Component Designator: Old Designator=C3 New Designator=C?
Change Component Designator: Old Designator=C4 New Designator=C?
Change Component Designator: Old Designator=C5 New Designator=C?
Change Component Designator: Old Designator=C6 New Designator=C?
Change Component Designator: Old Designator=C7 New Designator=C?
Change Component Designator: Old Designator=C8 New Designator=C?
Change Component Designator: Old Designator=C9 New Designator=C?
Change Component Designator: Old Designator=C10 New Designator=C?
Change Component Designator: Old Designator=C11 New Designator=C?
Change Component Designator: Old Designator=D1 New Designator=D?
Change Component Designator: Old Designator=D2 New Designator=D?
Change Component Designator: Old Designator=D3 New Designator=D?
Change Component Designator: Old Designator=D4 New Designator=D?
Change Component Designator: Old Designator=P1 New Designator=P?
Change Component Designator: Old Designator=P2 New Designator=P?
Change Component Designator: Old Designator=P3 New Designator=P?
Change Component Designator: Old Designator=P4 New Designator=P?
Change Component Designator: Old Designator=P5 New Designator=P?
Change Component Designator: Old Designator=P6 New Designator=P?
Change Component Designator: Old Designator=R1 New Designator=R?
Change Component Designator: Old Designator=R2 New Designator=R?
Change Component Designator: Old Designator=R3 New Designator=R?
Change Component Designator: Old Designator=R4 New Designator=R?
Change Component Designator: Old Designator=R5 New Designator=R?
Change Component Designator: Old Designator=S1 New Designator=S?
Change Component Designator: Old Designator=U2 New Designator=U?
Change Component Designator: Old Designator=U4 New Designator=U?
Change Component Designator: Old Designator=Y1 New Designator=Y?
